Flow report for PRUEBA_PLAYER
Thu Mar 16 18:14:58 2017
Quartus Prime Version 15.1.0 Build 185 10/21/2015 SJ Lite Edition


---------------------
; Table of Contents ;
---------------------
  1. Legal Notice
  2. Flow Summary
  3. Flow Settings
  4. Flow Non-Default Global Settings
  5. Flow Elapsed Time
  6. Flow OS Summary
  7. Flow Log
  8. Flow Messages
  9. Flow Suppressed Messages



----------------
; Legal Notice ;
----------------
Copyright (C) 1991-2015 Altera Corporation. All rights reserved.
Your use of Altera Corporation's design tools, logic functions 
and other software and tools, and its AMPP partner logic 
functions, and any output files from any of the foregoing 
(including device programming or simulation files), and any 
associated documentation or information are expressly subject 
to the terms and conditions of the Altera Program License 
Subscription Agreement, the Altera Quartus Prime License Agreement,
the Altera MegaCore Function License Agreement, or other 
applicable license agreement, including, without limitation, 
that your use is for the sole purpose of programming logic 
devices manufactured by Altera and sold by Altera or its 
authorized distributors.  Please refer to the applicable 
agreement for further details.



+----------------------------------------------------------------------------------+
; Flow Summary                                                                     ;
+------------------------------------+---------------------------------------------+
; Flow Status                        ; Successful - Thu Mar 16 18:14:58 2017       ;
; Quartus Prime Version              ; 15.1.0 Build 185 10/21/2015 SJ Lite Edition ;
; Revision Name                      ; PRUEBA_PLAYER                               ;
; Top-level Entity Name              ; SUPERHEXAGON2016                            ;
; Family                             ; Cyclone IV E                                ;
; Device                             ; EP4CE115F29C7                               ;
; Timing Models                      ; Final                                       ;
; Total logic elements               ; 1,932 / 114,480 ( 2 % )                     ;
;     Total combinational functions  ; 1,478 / 114,480 ( 1 % )                     ;
;     Dedicated logic registers      ; 1,097 / 114,480 ( < 1 % )                   ;
; Total registers                    ; 1097                                        ;
; Total pins                         ; 74 / 529 ( 14 % )                           ;
; Total virtual pins                 ; 0                                           ;
; Total memory bits                  ; 30,720 / 3,981,312 ( < 1 % )                ;
; Embedded Multiplier 9-bit elements ; 12 / 532 ( 2 % )                            ;
; Total PLLs                         ; 1 / 4 ( 25 % )                              ;
+------------------------------------+---------------------------------------------+


+-----------------------------------------+
; Flow Settings                           ;
+-------------------+---------------------+
; Option            ; Setting             ;
+-------------------+---------------------+
; Start date & time ; 03/16/2017 18:12:24 ;
; Main task         ; Compilation         ;
; Revision Name     ; PRUEBA_PLAYER       ;
+-------------------+---------------------+


+---------------------------------------------------------------------------------------------------------------------------------+
; Flow Non-Default Global Settings                                                                                                ;
+-------------------------------------+---------------------------------------+---------------+------------------+----------------+
; Assignment Name                     ; Value                                 ; Default Value ; Entity Name      ; Section Id     ;
+-------------------------------------+---------------------------------------+---------------+------------------+----------------+
; COMPILER_SIGNATURE_ID               ; 23084203634910.148969874360872        ; --            ; --               ; --             ;
; EDA_OUTPUT_DATA_FORMAT              ; Vhdl                                  ; --            ; --               ; eda_simulation ;
; EDA_SIMULATION_TOOL                 ; ModelSim-Altera (VHDL)                ; <None>        ; --               ; --             ;
; EDA_TIME_SCALE                      ; 1 ps                                  ; --            ; --               ; eda_simulation ;
; ENABLE_SIGNALTAP                    ; On                                    ; --            ; --               ; --             ;
; MAX_CORE_JUNCTION_TEMP              ; 85                                    ; --            ; --               ; --             ;
; MIN_CORE_JUNCTION_TEMP              ; 0                                     ; --            ; --               ; --             ;
; MISC_FILE                           ; IP/PLL.cmp                            ; --            ; --               ; --             ;
; MISC_FILE                           ; IP/PLL.ppf                            ; --            ; --               ; --             ;
; NUM_PARALLEL_PROCESSORS             ; All                                   ; --            ; --               ; --             ;
; PARTITION_COLOR                     ; 16764057                              ; --            ; SUPERHEXAGON2016 ; Top            ;
; PARTITION_FITTER_PRESERVATION_LEVEL ; PLACEMENT_AND_ROUTING                 ; --            ; SUPERHEXAGON2016 ; Top            ;
; PARTITION_NETLIST_TYPE              ; SOURCE                                ; --            ; SUPERHEXAGON2016 ; Top            ;
; POWER_BOARD_THERMAL_MODEL           ; None (CONSERVATIVE)                   ; --            ; --               ; --             ;
; POWER_PRESET_COOLING_SOLUTION       ; 23 MM HEAT SINK WITH 200 LFPM AIRFLOW ; --            ; --               ; --             ;
; PROJECT_OUTPUT_DIRECTORY            ; output_files                          ; --            ; --               ; --             ;
; SLD_FILE                            ; db/stp1_auto_stripped.stp             ; --            ; --               ; --             ;
; SMART_RECOMPILE                     ; On                                    ; Off           ; --               ; --             ;
; TOP_LEVEL_ENTITY                    ; SUPERHEXAGON2016                      ; PRUEBA_PLAYER ; --               ; --             ;
; USE_SIGNALTAP_FILE                  ; output_files/stp1.stp                 ; --            ; --               ; --             ;
+-------------------------------------+---------------------------------------+---------------+------------------+----------------+


+-------------------------------------------------------------------------------------------------------------------------------+
; Flow Elapsed Time                                                                                                             ;
+---------------------------+--------------+-------------------------+---------------------+------------------------------------+
; Module Name               ; Elapsed Time ; Average Processors Used ; Peak Virtual Memory ; Total CPU Time (on all processors) ;
+---------------------------+--------------+-------------------------+---------------------+------------------------------------+
; Analysis & Synthesis      ; 00:00:55     ; 1.0                     ; 910 MB              ; 00:00:51                           ;
; Fitter                    ; 00:00:44     ; 1.0                     ; 1934 MB             ; 00:00:38                           ;
; Assembler                 ; 00:00:09     ; 1.0                     ; 759 MB              ; 00:00:07                           ;
; TimeQuest Timing Analyzer ; 00:00:08     ; 1.0                     ; 957 MB              ; 00:00:05                           ;
; EDA Netlist Writer        ; 00:00:07     ; 1.0                     ; 745 MB              ; 00:00:04                           ;
; Total                     ; 00:02:03     ; --                      ; --                  ; 00:01:45                           ;
+---------------------------+--------------+-------------------------+---------------------+------------------------------------+


+----------------------------------------------------------------------------------------+
; Flow OS Summary                                                                        ;
+---------------------------+------------------+-----------+------------+----------------+
; Module Name               ; Machine Hostname ; OS Name   ; OS Version ; Processor type ;
+---------------------------+------------------+-----------+------------+----------------+
; Analysis & Synthesis      ; Gabriel          ; Windows 8 ; 6.2        ; x86_64         ;
; Fitter                    ; Gabriel          ; Windows 8 ; 6.2        ; x86_64         ;
; Assembler                 ; Gabriel          ; Windows 8 ; 6.2        ; x86_64         ;
; TimeQuest Timing Analyzer ; Gabriel          ; Windows 8 ; 6.2        ; x86_64         ;
; EDA Netlist Writer        ; Gabriel          ; Windows 8 ; 6.2        ; x86_64         ;
+---------------------------+------------------+-----------+------------+----------------+


------------
; Flow Log ;
------------
quartus_map --read_settings_files=on --write_settings_files=off SuperHexagon2 -c PRUEBA_PLAYER
quartus_fit --read_settings_files=off --write_settings_files=off SuperHexagon2 -c PRUEBA_PLAYER
quartus_asm --read_settings_files=off --write_settings_files=off SuperHexagon2 -c PRUEBA_PLAYER
quartus_sta SuperHexagon2 -c PRUEBA_PLAYER
quartus_eda --read_settings_files=off --write_settings_files=off SuperHexagon2 -c PRUEBA_PLAYER



